2024-10-22 14:21:45 INFO [org.springframework.boot.test.context.SpringBootTestContextBootstrapper]: Neither @ContextConfiguration nor @ContextHierarchy found for test class [com.example.yin.dao.UserMapperTests], using SpringBootContextLoader
2024-10-22 14:21:45 INFO [org.springframework.test.context.support.AbstractContextLoader]: Could not detect default resource locations for test class [com.example.yin.dao.UserMapperTests]: no resource found for suffixes {-context.xml, Context.groovy}.
2024-10-22 14:21:45 INFO [org.springframework.test.context.support.AnnotationConfigContextLoaderUtils]: Could not detect default configuration classes for test class [com.example.yin.dao.UserMapperTests]: UserMapperTests does not declare any static, non-private, non-final, nested classes annotated with @Configuration.
2024-10-22 14:21:45 INFO [org.springframework.boot.test.context.SpringBootTestContextBootstrapper]: Found @SpringBootConfiguration com.example.yin.YinMusicApplication for test class com.example.yin.dao.UserMapperTests
2024-10-22 14:21:45 INFO [org.springframework.boot.test.context.SpringBootTestContextBootstrapper]: Loaded default TestExecutionListener class names from location [META-INF/spring.factories]: [org.springframework.boot.test.mock.mockito.MockitoTestExecutionListener, org.springframework.boot.test.mock.mockito.ResetMocksTestExecutionListener, org.springframework.boot.test.autoconfigure.restdocs.RestDocsTestExecutionListener, org.springframework.boot.test.autoconfigure.web.client.MockRestServiceServerResetTestExecutionListener, org.springframework.boot.test.autoconfigure.web.servlet.MockMvcPrintOnlyOnFailureTestExecutionListener, org.springframework.boot.test.autoconfigure.web.servlet.WebDriverTestExecutionListener, org.springframework.boot.test.autoconfigure.webservices.client.MockWebServiceServerTestExecutionListener, org.springframework.test.context.web.ServletTestExecutionListener, org.springframework.test.context.support.DirtiesContextBeforeModesTestExecutionListener, org.springframework.test.context.event.ApplicationEventsTestExecutionListener, org.springframework.test.context.support.DependencyInjectionTestExecutionListener, org.springframework.test.context.support.DirtiesContextTestExecutionListener, org.springframework.test.context.transaction.TransactionalTestExecutionListener, org.springframework.test.context.jdbc.SqlScriptsTestExecutionListener, org.springframework.test.context.event.EventPublishingTestExecutionListener]
2024-10-22 14:21:45 INFO [org.springframework.boot.test.context.SpringBootTestContextBootstrapper]: Using TestExecutionListeners: [org.springframework.test.context.web.ServletTestExecutionListener@7b4c50bc, org.springframework.test.context.support.DirtiesContextBeforeModesTestExecutionListener@5884a914, org.springframework.test.context.event.ApplicationEventsTestExecutionListener@50378a4, org.springframework.boot.test.mock.mockito.MockitoTestExecutionListener@60f00693, org.springframework.boot.test.autoconfigure.SpringBootDependencyInjectionTestExecutionListener@79207381, org.springframework.test.context.support.DirtiesContextTestExecutionListener@491b9b8, org.springframework.test.context.transaction.TransactionalTestExecutionListener@1a4927d6, org.springframework.test.context.jdbc.SqlScriptsTestExecutionListener@7a6d7e92, org.springframework.test.context.event.EventPublishingTestExecutionListener@aba625, org.springframework.boot.test.mock.mockito.ResetMocksTestExecutionListener@97e93f1, org.springframework.boot.test.autoconfigure.restdocs.RestDocsTestExecutionListener@5a5a729f, org.springframework.boot.test.autoconfigure.web.client.MockRestServiceServerResetTestExecutionListener@4b520ea8, org.springframework.boot.test.autoconfigure.web.servlet.MockMvcPrintOnlyOnFailureTestExecutionListener@16150369, org.springframework.boot.test.autoconfigure.web.servlet.WebDriverTestExecutionListener@6b09fb41, org.springframework.boot.test.autoconfigure.webservices.client.MockWebServiceServerTestExecutionListener@624ea235]
2024-10-22 14:21:46 INFO [com.example.yin.dao.UserMapperTests]: Starting UserMapperTests using Java 11.0.4 on LAPTOP-21TCA5UF with PID 10992 (started by 86188 in D:\86188\download\Yin_music-main\Yin_music-main\music-website-master\music-website-master\music-server)
2024-10-22 14:21:46 INFO [com.example.yin.dao.UserMapperTests]: No active profile set, falling back to default profiles: default
2024-10-22 14:21:48 INFO [com.example.yin.dao.UserMapperTests]: Started UserMapperTests in 2.925 seconds (JVM running for 4.163)
2024-10-22 14:21:48 ERROR [org.springframework.test.context.TestContextManager]: Caught exception while allowing TestExecutionListener [org.springframework.boot.test.autoconfigure.SpringBootDependencyInjectionTestExecutionListener@79207381] to prepare test instance [com.example.yin.dao.UserMapperTests@f1266c6]
org.springframework.beans.factory.UnsatisfiedDependencyException: Error creating bean with name 'com.example.yin.dao.UserMapperTests': Unsatisfied dependency expressed through field 'userMapper'; nested exception is org.springframework.beans.factory.NoSuchBeanDefinitionException: No qualifying bean of type 'com.example.yin.service.UserMapper' available: expected at least 1 bean which qualifies as autowire candidate. Dependency annotations: {@org.springframework.beans.factory.annotation.Autowired(required=true)}
	at org.springframework.beans.factory.annotation.AutowiredAnnotationBeanPostProcessor$AutowiredFieldElement.resolveFieldValue(AutowiredAnnotationBeanPostProcessor.java:659)
	at org.springframework.beans.factory.annotation.AutowiredAnnotationBeanPostProcessor$AutowiredFieldElement.inject(AutowiredAnnotationBeanPostProcessor.java:639)
	at org.springframework.beans.factory.annotation.InjectionMetadata.inject(InjectionMetadata.java:119)
	at org.springframework.beans.factory.annotation.AutowiredAnnotationBeanPostProcessor.postProcessProperties(AutowiredAnnotationBeanPostProcessor.java:399)
	at org.springframework.beans.factory.support.AbstractAutowireCapableBeanFactory.populateBean(AbstractAutowireCapableBeanFactory.java:1431)
	at org.springframework.beans.factory.support.AbstractAutowireCapableBeanFactory.autowireBeanProperties(AbstractAutowireCapableBeanFactory.java:417)
	at org.springframework.test.context.support.DependencyInjectionTestExecutionListener.injectDependencies(DependencyInjectionTestExecutionListener.java:119)
	at org.springframework.test.context.support.DependencyInjectionTestExecutionListener.prepareTestInstance(DependencyInjectionTestExecutionListener.java:83)
	at org.springframework.boot.test.autoconfigure.SpringBootDependencyInjectionTestExecutionListener.prepareTestInstance(SpringBootDependencyInjectionTestExecutionListener.java:43)
	at org.springframework.test.context.TestContextManager.prepareTestInstance(TestContextManager.java:248)
	at org.springframework.test.context.junit4.SpringJUnit4ClassRunner.createTest(SpringJUnit4ClassRunner.java:227)
	at org.springframework.test.context.junit4.SpringJUnit4ClassRunner$1.runReflectiveCall(SpringJUnit4ClassRunner.java:289)
	at org.junit.internal.runners.model.ReflectiveCallable.run(ReflectiveCallable.java:12)
	at org.springframework.test.context.junit4.SpringJUnit4ClassRunner.methodBlock(SpringJUnit4ClassRunner.java:291)
	at org.springframework.test.context.junit4.SpringJUnit4ClassRunner.runChild(SpringJUnit4ClassRunner.java:246)
	at org.springframework.test.context.junit4.SpringJUnit4ClassRunner.runChild(SpringJUnit4ClassRunner.java:97)
	at org.junit.runners.ParentRunner$4.run(ParentRunner.java:331)
	at org.junit.runners.ParentRunner$1.schedule(ParentRunner.java:79)
	at org.junit.runners.ParentRunner.runChildren(ParentRunner.java:329)
	at org.junit.runners.ParentRunner.access$100(ParentRunner.java:66)
	at org.junit.runners.ParentRunner$2.evaluate(ParentRunner.java:293)
	at org.springframework.test.context.junit4.statements.RunBeforeTestClassCallbacks.evaluate(RunBeforeTestClassCallbacks.java:61)
	at org.springframework.test.context.junit4.statements.RunAfterTestClassCallbacks.evaluate(RunAfterTestClassCallbacks.java:70)
	at org.junit.runners.ParentRunner$3.evaluate(ParentRunner.java:306)
	at org.junit.runners.ParentRunner.run(ParentRunner.java:413)
	at org.springframework.test.context.junit4.SpringJUnit4ClassRunner.run(SpringJUnit4ClassRunner.java:190)
	at org.junit.runner.JUnitCore.run(JUnitCore.java:137)
	at com.intellij.junit4.JUnit4IdeaTestRunner.startRunnerWithArgs(JUnit4IdeaTestRunner.java:68)
	at com.intellij.rt.execution.junit.IdeaTestRunner$Repeater.startRunnerWithArgs(IdeaTestRunner.java:47)
	at com.intellij.rt.execution.junit.JUnitStarter.prepareStreamsAndStart(JUnitStarter.java:242)
	at com.intellij.rt.execution.junit.JUnitStarter.main(JUnitStarter.java:70)
Caused by: org.springframework.beans.factory.NoSuchBeanDefinitionException: No qualifying bean of type 'com.example.yin.service.UserMapper' available: expected at least 1 bean which qualifies as autowire candidate. Dependency annotations: {@org.springframework.beans.factory.annotation.Autowired(required=true)}
	at org.springframework.beans.factory.support.DefaultListableBeanFactory.raiseNoMatchingBeanFound(DefaultListableBeanFactory.java:1799)
	at org.springframework.beans.factory.support.DefaultListableBeanFactory.doResolveDependency(DefaultListableBeanFactory.java:1355)
	at org.springframework.beans.factory.support.DefaultListableBeanFactory.resolveDependency(DefaultListableBeanFactory.java:1309)
	at org.springframework.beans.factory.annotation.AutowiredAnnotationBeanPostProcessor$AutowiredFieldElement.resolveFieldValue(AutowiredAnnotationBeanPostProcessor.java:656)
	... 30 more
2024-10-22 14:26:25 INFO [org.springframework.boot.test.context.SpringBootTestContextBootstrapper]: Neither @ContextConfiguration nor @ContextHierarchy found for test class [com.example.yin.dao.UserMapperTests], using SpringBootContextLoader
2024-10-22 14:26:25 INFO [org.springframework.test.context.support.AbstractContextLoader]: Could not detect default resource locations for test class [com.example.yin.dao.UserMapperTests]: no resource found for suffixes {-context.xml, Context.groovy}.
2024-10-22 14:26:25 INFO [org.springframework.test.context.support.AnnotationConfigContextLoaderUtils]: Could not detect default configuration classes for test class [com.example.yin.dao.UserMapperTests]: UserMapperTests does not declare any static, non-private, non-final, nested classes annotated with @Configuration.
2024-10-22 14:26:25 INFO [org.springframework.boot.test.context.SpringBootTestContextBootstrapper]: Found @SpringBootConfiguration com.example.yin.YinMusicApplication for test class com.example.yin.dao.UserMapperTests
2024-10-22 14:26:25 INFO [org.springframework.boot.test.context.SpringBootTestContextBootstrapper]: Loaded default TestExecutionListener class names from location [META-INF/spring.factories]: [org.springframework.boot.test.mock.mockito.MockitoTestExecutionListener, org.springframework.boot.test.mock.mockito.ResetMocksTestExecutionListener, org.springframework.boot.test.autoconfigure.restdocs.RestDocsTestExecutionListener, org.springframework.boot.test.autoconfigure.web.client.MockRestServiceServerResetTestExecutionListener, org.springframework.boot.test.autoconfigure.web.servlet.MockMvcPrintOnlyOnFailureTestExecutionListener, org.springframework.boot.test.autoconfigure.web.servlet.WebDriverTestExecutionListener, org.springframework.boot.test.autoconfigure.webservices.client.MockWebServiceServerTestExecutionListener, org.springframework.test.context.web.ServletTestExecutionListener, org.springframework.test.context.support.DirtiesContextBeforeModesTestExecutionListener, org.springframework.test.context.event.ApplicationEventsTestExecutionListener, org.springframework.test.context.support.DependencyInjectionTestExecutionListener, org.springframework.test.context.support.DirtiesContextTestExecutionListener, org.springframework.test.context.transaction.TransactionalTestExecutionListener, org.springframework.test.context.jdbc.SqlScriptsTestExecutionListener, org.springframework.test.context.event.EventPublishingTestExecutionListener]
2024-10-22 14:26:25 INFO [org.springframework.boot.test.context.SpringBootTestContextBootstrapper]: Using TestExecutionListeners: [org.springframework.test.context.web.ServletTestExecutionListener@4d15107f, org.springframework.test.context.support.DirtiesContextBeforeModesTestExecutionListener@7b4c50bc, org.springframework.test.context.event.ApplicationEventsTestExecutionListener@5884a914, org.springframework.boot.test.mock.mockito.MockitoTestExecutionListener@50378a4, org.springframework.boot.test.autoconfigure.SpringBootDependencyInjectionTestExecutionListener@60f00693, org.springframework.test.context.support.DirtiesContextTestExecutionListener@79207381, org.springframework.test.context.transaction.TransactionalTestExecutionListener@491b9b8, org.springframework.test.context.jdbc.SqlScriptsTestExecutionListener@1a4927d6, org.springframework.test.context.event.EventPublishingTestExecutionListener@7a6d7e92, org.springframework.boot.test.mock.mockito.ResetMocksTestExecutionListener@aba625, org.springframework.boot.test.autoconfigure.restdocs.RestDocsTestExecutionListener@97e93f1, org.springframework.boot.test.autoconfigure.web.client.MockRestServiceServerResetTestExecutionListener@5a5a729f, org.springframework.boot.test.autoconfigure.web.servlet.MockMvcPrintOnlyOnFailureTestExecutionListener@4b520ea8, org.springframework.boot.test.autoconfigure.web.servlet.WebDriverTestExecutionListener@16150369, org.springframework.boot.test.autoconfigure.webservices.client.MockWebServiceServerTestExecutionListener@6b09fb41]
2024-10-22 14:26:25 INFO [com.example.yin.dao.UserMapperTests]: Starting UserMapperTests using Java 11.0.4 on LAPTOP-21TCA5UF with PID 7376 (started by 86188 in D:\86188\download\Yin_music-main\Yin_music-main\music-website-master\music-website-master\music-server)
2024-10-22 14:26:25 INFO [com.example.yin.dao.UserMapperTests]: No active profile set, falling back to default profiles: default
2024-10-22 14:26:28 INFO [com.example.yin.dao.UserMapperTests]: Started UserMapperTests in 2.748 seconds (JVM running for 3.855)
2024-10-22 14:29:30 INFO [org.springframework.boot.test.context.SpringBootTestContextBootstrapper]: Neither @ContextConfiguration nor @ContextHierarchy found for test class [com.example.yin.dao.UserMapperTests], using SpringBootContextLoader
2024-10-22 14:29:30 INFO [org.springframework.test.context.support.AbstractContextLoader]: Could not detect default resource locations for test class [com.example.yin.dao.UserMapperTests]: no resource found for suffixes {-context.xml, Context.groovy}.
2024-10-22 14:29:30 INFO [org.springframework.test.context.support.AnnotationConfigContextLoaderUtils]: Could not detect default configuration classes for test class [com.example.yin.dao.UserMapperTests]: UserMapperTests does not declare any static, non-private, non-final, nested classes annotated with @Configuration.
2024-10-22 14:29:31 INFO [org.springframework.boot.test.context.SpringBootTestContextBootstrapper]: Found @SpringBootConfiguration com.example.yin.YinMusicApplication for test class com.example.yin.dao.UserMapperTests
2024-10-22 14:29:31 INFO [org.springframework.boot.test.context.SpringBootTestContextBootstrapper]: Loaded default TestExecutionListener class names from location [META-INF/spring.factories]: [org.springframework.boot.test.mock.mockito.MockitoTestExecutionListener, org.springframework.boot.test.mock.mockito.ResetMocksTestExecutionListener, org.springframework.boot.test.autoconfigure.restdocs.RestDocsTestExecutionListener, org.springframework.boot.test.autoconfigure.web.client.MockRestServiceServerResetTestExecutionListener, org.springframework.boot.test.autoconfigure.web.servlet.MockMvcPrintOnlyOnFailureTestExecutionListener, org.springframework.boot.test.autoconfigure.web.servlet.WebDriverTestExecutionListener, org.springframework.boot.test.autoconfigure.webservices.client.MockWebServiceServerTestExecutionListener, org.springframework.test.context.web.ServletTestExecutionListener, org.springframework.test.context.support.DirtiesContextBeforeModesTestExecutionListener, org.springframework.test.context.event.ApplicationEventsTestExecutionListener, org.springframework.test.context.support.DependencyInjectionTestExecutionListener, org.springframework.test.context.support.DirtiesContextTestExecutionListener, org.springframework.test.context.transaction.TransactionalTestExecutionListener, org.springframework.test.context.jdbc.SqlScriptsTestExecutionListener, org.springframework.test.context.event.EventPublishingTestExecutionListener]
2024-10-22 14:29:31 INFO [org.springframework.boot.test.context.SpringBootTestContextBootstrapper]: Using TestExecutionListeners: [org.springframework.test.context.web.ServletTestExecutionListener@4d15107f, org.springframework.test.context.support.DirtiesContextBeforeModesTestExecutionListener@7b4c50bc, org.springframework.test.context.event.ApplicationEventsTestExecutionListener@5884a914, org.springframework.boot.test.mock.mockito.MockitoTestExecutionListener@50378a4, org.springframework.boot.test.autoconfigure.SpringBootDependencyInjectionTestExecutionListener@60f00693, org.springframework.test.context.support.DirtiesContextTestExecutionListener@79207381, org.springframework.test.context.transaction.TransactionalTestExecutionListener@491b9b8, org.springframework.test.context.jdbc.SqlScriptsTestExecutionListener@1a4927d6, org.springframework.test.context.event.EventPublishingTestExecutionListener@7a6d7e92, org.springframework.boot.test.mock.mockito.ResetMocksTestExecutionListener@aba625, org.springframework.boot.test.autoconfigure.restdocs.RestDocsTestExecutionListener@97e93f1, org.springframework.boot.test.autoconfigure.web.client.MockRestServiceServerResetTestExecutionListener@5a5a729f, org.springframework.boot.test.autoconfigure.web.servlet.MockMvcPrintOnlyOnFailureTestExecutionListener@4b520ea8, org.springframework.boot.test.autoconfigure.web.servlet.WebDriverTestExecutionListener@16150369, org.springframework.boot.test.autoconfigure.webservices.client.MockWebServiceServerTestExecutionListener@6b09fb41]
2024-10-22 14:29:31 INFO [com.example.yin.dao.UserMapperTests]: Starting UserMapperTests using Java 11.0.4 on LAPTOP-21TCA5UF with PID 17404 (started by 86188 in D:\86188\download\Yin_music-main\Yin_music-main\music-website-master\music-website-master\music-server)
2024-10-22 14:29:31 INFO [com.example.yin.dao.UserMapperTests]: No active profile set, falling back to default profiles: default
2024-10-22 14:29:33 INFO [com.example.yin.dao.UserMapperTests]: Started UserMapperTests in 2.699 seconds (JVM running for 3.808)
2024-10-22 14:29:34 INFO [com.zaxxer.hikari.HikariDataSource]: HikariPool-1 - Starting...
2024-10-22 14:29:34 INFO [com.zaxxer.hikari.HikariDataSource]: HikariPool-1 - Start completed.
2024-10-22 14:29:34 INFO [com.zaxxer.hikari.HikariDataSource]: HikariPool-1 - Shutdown initiated...
2024-10-22 14:29:34 INFO [com.zaxxer.hikari.HikariDataSource]: HikariPool-1 - Shutdown completed.
2024-10-22 14:45:14 INFO [org.springframework.boot.test.context.SpringBootTestContextBootstrapper]: Neither @ContextConfiguration nor @ContextHierarchy found for test class [com.example.yin.service.UserServiceTests], using SpringBootContextLoader
2024-10-22 14:45:14 INFO [org.springframework.test.context.support.AbstractContextLoader]: Could not detect default resource locations for test class [com.example.yin.service.UserServiceTests]: no resource found for suffixes {-context.xml, Context.groovy}.
2024-10-22 14:45:14 INFO [org.springframework.test.context.support.AnnotationConfigContextLoaderUtils]: Could not detect default configuration classes for test class [com.example.yin.service.UserServiceTests]: UserServiceTests does not declare any static, non-private, non-final, nested classes annotated with @Configuration.
2024-10-22 14:45:14 INFO [org.springframework.boot.test.context.SpringBootTestContextBootstrapper]: Found @SpringBootConfiguration com.example.yin.YinMusicApplication for test class com.example.yin.service.UserServiceTests
2024-10-22 14:45:14 INFO [org.springframework.boot.test.context.SpringBootTestContextBootstrapper]: Loaded default TestExecutionListener class names from location [META-INF/spring.factories]: [org.springframework.boot.test.mock.mockito.MockitoTestExecutionListener, org.springframework.boot.test.mock.mockito.ResetMocksTestExecutionListener, org.springframework.boot.test.autoconfigure.restdocs.RestDocsTestExecutionListener, org.springframework.boot.test.autoconfigure.web.client.MockRestServiceServerResetTestExecutionListener, org.springframework.boot.test.autoconfigure.web.servlet.MockMvcPrintOnlyOnFailureTestExecutionListener, org.springframework.boot.test.autoconfigure.web.servlet.WebDriverTestExecutionListener, org.springframework.boot.test.autoconfigure.webservices.client.MockWebServiceServerTestExecutionListener, org.springframework.test.context.web.ServletTestExecutionListener, org.springframework.test.context.support.DirtiesContextBeforeModesTestExecutionListener, org.springframework.test.context.event.ApplicationEventsTestExecutionListener, org.springframework.test.context.support.DependencyInjectionTestExecutionListener, org.springframework.test.context.support.DirtiesContextTestExecutionListener, org.springframework.test.context.transaction.TransactionalTestExecutionListener, org.springframework.test.context.jdbc.SqlScriptsTestExecutionListener, org.springframework.test.context.event.EventPublishingTestExecutionListener]
2024-10-22 14:45:14 INFO [org.springframework.boot.test.context.SpringBootTestContextBootstrapper]: Using TestExecutionListeners: [org.springframework.test.context.web.ServletTestExecutionListener@c05fddc, org.springframework.test.context.support.DirtiesContextBeforeModesTestExecutionListener@25df00a0, org.springframework.test.context.event.ApplicationEventsTestExecutionListener@4d15107f, org.springframework.boot.test.mock.mockito.MockitoTestExecutionListener@7b4c50bc, org.springframework.boot.test.autoconfigure.SpringBootDependencyInjectionTestExecutionListener@5884a914, org.springframework.test.context.support.DirtiesContextTestExecutionListener@50378a4, org.springframework.test.context.transaction.TransactionalTestExecutionListener@60f00693, org.springframework.test.context.jdbc.SqlScriptsTestExecutionListener@79207381, org.springframework.test.context.event.EventPublishingTestExecutionListener@491b9b8, org.springframework.boot.test.mock.mockito.ResetMocksTestExecutionListener@1a4927d6, org.springframework.boot.test.autoconfigure.restdocs.RestDocsTestExecutionListener@7a6d7e92, org.springframework.boot.test.autoconfigure.web.client.MockRestServiceServerResetTestExecutionListener@aba625, org.springframework.boot.test.autoconfigure.web.servlet.MockMvcPrintOnlyOnFailureTestExecutionListener@97e93f1, org.springframework.boot.test.autoconfigure.web.servlet.WebDriverTestExecutionListener@5a5a729f, org.springframework.boot.test.autoconfigure.webservices.client.MockWebServiceServerTestExecutionListener@4b520ea8]
2024-10-22 14:45:14 INFO [com.example.yin.service.UserServiceTests]: Starting UserServiceTests using Java 11.0.4 on LAPTOP-21TCA5UF with PID 1952 (started by 86188 in D:\86188\download\Yin_music-main\Yin_music-main\music-website-master\music-website-master\music-server)
2024-10-22 14:45:14 INFO [com.example.yin.service.UserServiceTests]: No active profile set, falling back to default profiles: default
2024-10-22 14:45:17 INFO [com.example.yin.service.UserServiceTests]: Started UserServiceTests in 2.782 seconds (JVM running for 3.921)
2024-10-22 14:45:17 INFO [com.zaxxer.hikari.HikariDataSource]: HikariPool-1 - Starting...
2024-10-22 14:45:17 INFO [com.zaxxer.hikari.HikariDataSource]: HikariPool-1 - Start completed.
2024-10-22 14:45:18 INFO [com.zaxxer.hikari.HikariDataSource]: HikariPool-1 - Shutdown initiated...
2024-10-22 14:45:18 INFO [com.zaxxer.hikari.HikariDataSource]: HikariPool-1 - Shutdown completed.
2024-10-22 14:51:49 INFO [com.example.yin.YinMusicApplication]: Starting YinMusicApplication using Java 11.0.4 on LAPTOP-21TCA5UF with PID 4624 (D:\86188\download\Yin_music-main\Yin_music-main\music-website-master\music-website-master\music-server\target\classes started by 86188 in D:\86188\download\Yin_music-main\Yin_music-main\music-website-master\music-website-master\music-server)
2024-10-22 14:51:49 INFO [com.example.yin.YinMusicApplication]: No active profile set, falling back to default profiles: default
2024-10-22 14:51:49 INFO [org.springframework.boot.devtools.env.DevToolsPropertyDefaultsPostProcessor]: Devtools property defaults active! Set 'spring.devtools.add-properties' to 'false' to disable
2024-10-22 14:51:49 INFO [org.springframework.boot.devtools.env.DevToolsPropertyDefaultsPostProcessor]: For additional web related logging consider setting the 'logging.level.web' property to 'DEBUG'
2024-10-22 14:51:51 INFO [org.springframework.boot.web.embedded.tomcat.TomcatWebServer]: Tomcat initialized with port(s): 8888 (http)
2024-10-22 14:51:51 INFO [org.springframework.boot.web.servlet.context.ServletWebServerApplicationContext]: Root WebApplicationContext: initialization completed in 1517 ms
2024-10-22 14:51:51 INFO [org.springframework.boot.devtools.autoconfigure.OptionalLiveReloadServer]: LiveReload server is running on port 35729
2024-10-22 14:51:51 INFO [org.springframework.boot.web.embedded.tomcat.TomcatWebServer]: Tomcat started on port(s): 8888 (http) with context path ''
2024-10-22 14:51:51 INFO [com.example.yin.YinMusicApplication]: Started YinMusicApplication in 2.386 seconds (JVM running for 3.516)
2024-10-22 14:52:48 INFO [org.springframework.web.servlet.DispatcherServlet]: Initializing Servlet 'dispatcherServlet'
2024-10-22 14:52:48 INFO [org.springframework.web.servlet.DispatcherServlet]: Completed initialization in 1 ms
2024-10-22 14:52:48 WARN [org.springframework.web.servlet.PageNotFound]: No mapping for POST /user/reg
2024-10-22 14:53:02 INFO [com.zaxxer.hikari.HikariDataSource]: HikariPool-1 - Starting...
2024-10-22 14:53:03 INFO [com.zaxxer.hikari.HikariDataSource]: HikariPool-1 - Start completed.
2024-10-22 16:31:43 WARN [com.zaxxer.hikari.pool.HikariPool]: HikariPool-1 - Thread starvation or clock leap detected (housekeeper delta=46m39s999ms987µs500ns).
2024-10-22 16:33:15 WARN [com.zaxxer.hikari.pool.HikariPool]: HikariPool-1 - Thread starvation or clock leap detected (housekeeper delta=1m33s650ms747µs700ns).
