2024-10-26 19:20:58 INFO [com.example.yin.YinMusicApplication]: Starting YinMusicApplication using Java 11.0.4 on LAPTOP-21TCA5UF with PID 21124 (D:\86188\download\Yin_music-main\Yin_music-main\music-website-master\music-website-master\music-server\target\classes started by 86188 in D:\86188\download\Yin_music-main\Yin_music-main\music-website-master\music-website-master\music-server)
2024-10-26 19:20:58 INFO [com.example.yin.YinMusicApplication]: No active profile set, falling back to default profiles: default
2024-10-26 19:20:58 INFO [org.springframework.boot.devtools.env.DevToolsPropertyDefaultsPostProcessor]: Devtools property defaults active! Set 'spring.devtools.add-properties' to 'false' to disable
2024-10-26 19:20:58 INFO [org.springframework.boot.devtools.env.DevToolsPropertyDefaultsPostProcessor]: For additional web related logging consider setting the 'logging.level.web' property to 'DEBUG'
2024-10-26 19:20:59 INFO [org.springframework.boot.web.embedded.tomcat.TomcatWebServer]: Tomcat initialized with port(s): 8888 (http)
2024-10-26 19:20:59 INFO [org.springframework.boot.web.servlet.context.ServletWebServerApplicationContext]: Root WebApplicationContext: initialization completed in 967 ms
2024-10-26 19:20:59 WARN [org.springframework.boot.web.servlet.context.AnnotationConfigServletWebServerApplicationContext]: Exception encountered during context initialization - cancelling refresh attempt: org.springframework.beans.factory.BeanCreationException: Error creating bean with name 'requestMappingHandlerMapping' defined in class path resource [org/springframework/web/servlet/config/annotation/DelegatingWebMvcConfiguration.class]: Invocation of init method failed; nested exception is java.lang.IllegalStateException: Ambiguous mapping. Cannot map 'userController' method 
com.example.yin.controller.UserController#reg(User)
to {POST [/register/cellphone]}: There is already 'consumerController' bean method
com.example.yin.controller.ConsumerController#addUser(HttpServletRequest) mapped.
2024-10-26 19:20:59 INFO [org.springframework.boot.autoconfigure.logging.ConditionEvaluationReportLoggingListener]: 

Error starting ApplicationContext. To display the conditions report re-run your application with 'debug' enabled.
2024-10-26 19:20:59 ERROR [org.springframework.boot.SpringApplication]: Application run failed
org.springframework.beans.factory.BeanCreationException: Error creating bean with name 'requestMappingHandlerMapping' defined in class path resource [org/springframework/web/servlet/config/annotation/DelegatingWebMvcConfiguration.class]: Invocation of init method failed; nested exception is java.lang.IllegalStateException: Ambiguous mapping. Cannot map 'userController' method 
com.example.yin.controller.UserController#reg(User)
to {POST [/register/cellphone]}: There is already 'consumerController' bean method
com.example.yin.controller.ConsumerController#addUser(HttpServletRequest) mapped.
	at org.springframework.beans.factory.support.AbstractAutowireCapableBeanFactory.initializeBean(AbstractAutowireCapableBeanFactory.java:1804)
	at org.springframework.beans.factory.support.AbstractAutowireCapableBeanFactory.doCreateBean(AbstractAutowireCapableBeanFactory.java:620)
	at org.springframework.beans.factory.support.AbstractAutowireCapableBeanFactory.createBean(AbstractAutowireCapableBeanFactory.java:542)
	at org.springframework.beans.factory.support.AbstractBeanFactory.lambda$doGetBean$0(AbstractBeanFactory.java:335)
	at org.springframework.beans.factory.support.DefaultSingletonBeanRegistry.getSingleton(DefaultSingletonBeanRegistry.java:234)
	at org.springframework.beans.factory.support.AbstractBeanFactory.doGetBean(AbstractBeanFactory.java:333)
	at org.springframework.beans.factory.support.AbstractBeanFactory.getBean(AbstractBeanFactory.java:208)
	at org.springframework.beans.factory.support.DefaultListableBeanFactory.preInstantiateSingletons(DefaultListableBeanFactory.java:953)
	at org.springframework.context.support.AbstractApplicationContext.finishBeanFactoryInitialization(AbstractApplicationContext.java:918)
	at org.springframework.context.support.AbstractApplicationContext.refresh(AbstractApplicationContext.java:583)
	at org.springframework.boot.web.servlet.context.ServletWebServerApplicationContext.refresh(ServletWebServerApplicationContext.java:145)
	at org.springframework.boot.SpringApplication.refresh(SpringApplication.java:730)
	at org.springframework.boot.SpringApplication.refreshContext(SpringApplication.java:412)
	at org.springframework.boot.SpringApplication.run(SpringApplication.java:302)
	at org.springframework.boot.SpringApplication.run(SpringApplication.java:1301)
	at org.springframework.boot.SpringApplication.run(SpringApplication.java:1290)
	at com.example.yin.YinMusicApplication.main(YinMusicApplication.java:12)
	at java.base/jdk.internal.reflect.NativeMethodAccessorImpl.invoke0(Native Method)
	at java.base/jdk.internal.reflect.NativeMethodAccessorImpl.invoke(NativeMethodAccessorImpl.java:62)
	at java.base/jdk.internal.reflect.DelegatingMethodAccessorImpl.invoke(DelegatingMethodAccessorImpl.java:43)
	at java.base/java.lang.reflect.Method.invoke(Method.java:566)
	at org.springframework.boot.devtools.restart.RestartLauncher.run(RestartLauncher.java:49)
Caused by: java.lang.IllegalStateException: Ambiguous mapping. Cannot map 'userController' method 
com.example.yin.controller.UserController#reg(User)
to {POST [/register/cellphone]}: There is already 'consumerController' bean method
com.example.yin.controller.ConsumerController#addUser(HttpServletRequest) mapped.
	at org.springframework.web.servlet.handler.AbstractHandlerMethodMapping$MappingRegistry.validateMethodMapping(AbstractHandlerMethodMapping.java:669)
	at org.springframework.web.servlet.handler.AbstractHandlerMethodMapping$MappingRegistry.register(AbstractHandlerMethodMapping.java:635)
	at org.springframework.web.servlet.handler.AbstractHandlerMethodMapping.registerHandlerMethod(AbstractHandlerMethodMapping.java:332)
	at org.springframework.web.servlet.mvc.method.annotation.RequestMappingHandlerMapping.registerHandlerMethod(RequestMappingHandlerMapping.java:420)
	at org.springframework.web.servlet.mvc.method.annotation.RequestMappingHandlerMapping.registerHandlerMethod(RequestMappingHandlerMapping.java:76)
	at org.springframework.web.servlet.handler.AbstractHandlerMethodMapping.lambda$detectHandlerMethods$2(AbstractHandlerMethodMapping.java:299)
	at java.base/java.util.LinkedHashMap.forEach(LinkedHashMap.java:684)
	at org.springframework.web.servlet.handler.AbstractHandlerMethodMapping.detectHandlerMethods(AbstractHandlerMethodMapping.java:297)
	at org.springframework.web.servlet.handler.AbstractHandlerMethodMapping.processCandidateBean(AbstractHandlerMethodMapping.java:266)
	at org.springframework.web.servlet.handler.AbstractHandlerMethodMapping.initHandlerMethods(AbstractHandlerMethodMapping.java:225)
	at org.springframework.web.servlet.handler.AbstractHandlerMethodMapping.afterPropertiesSet(AbstractHandlerMethodMapping.java:213)
	at org.springframework.web.servlet.mvc.method.annotation.RequestMappingHandlerMapping.afterPropertiesSet(RequestMappingHandlerMapping.java:205)
	at org.springframework.beans.factory.support.AbstractAutowireCapableBeanFactory.invokeInitMethods(AbstractAutowireCapableBeanFactory.java:1863)
	at org.springframework.beans.factory.support.AbstractAutowireCapableBeanFactory.initializeBean(AbstractAutowireCapableBeanFactory.java:1800)
	... 21 more
2024-10-26 19:22:13 INFO [com.example.yin.YinMusicApplication]: Starting YinMusicApplication using Java 11.0.4 on LAPTOP-21TCA5UF with PID 20892 (D:\86188\download\Yin_music-main\Yin_music-main\music-website-master\music-website-master\music-server\target\classes started by 86188 in D:\86188\download\Yin_music-main\Yin_music-main\music-website-master\music-website-master\music-server)
2024-10-26 19:22:13 INFO [com.example.yin.YinMusicApplication]: No active profile set, falling back to default profiles: default
2024-10-26 19:22:13 INFO [org.springframework.boot.devtools.env.DevToolsPropertyDefaultsPostProcessor]: Devtools property defaults active! Set 'spring.devtools.add-properties' to 'false' to disable
2024-10-26 19:22:13 INFO [org.springframework.boot.devtools.env.DevToolsPropertyDefaultsPostProcessor]: For additional web related logging consider setting the 'logging.level.web' property to 'DEBUG'
2024-10-26 19:22:14 INFO [org.springframework.boot.web.embedded.tomcat.TomcatWebServer]: Tomcat initialized with port(s): 8888 (http)
2024-10-26 19:22:14 INFO [org.springframework.boot.web.servlet.context.ServletWebServerApplicationContext]: Root WebApplicationContext: initialization completed in 869 ms
2024-10-26 19:22:14 INFO [org.springframework.boot.devtools.autoconfigure.OptionalLiveReloadServer]: LiveReload server is running on port 35729
2024-10-26 19:22:14 INFO [org.springframework.boot.web.embedded.tomcat.TomcatWebServer]: Tomcat started on port(s): 8888 (http) with context path ''
2024-10-26 19:22:14 INFO [com.example.yin.YinMusicApplication]: Started YinMusicApplication in 1.36 seconds (JVM running for 2.071)
2024-10-26 19:24:21 INFO [org.springframework.web.servlet.DispatcherServlet]: Initializing Servlet 'dispatcherServlet'
2024-10-26 19:24:21 INFO [org.springframework.web.servlet.DispatcherServlet]: Completed initialization in 0 ms
2024-10-26 19:24:21 INFO [com.zaxxer.hikari.HikariDataSource]: HikariPool-1 - Starting...
2024-10-26 19:24:21 INFO [com.zaxxer.hikari.HikariDataSource]: HikariPool-1 - Start completed.
2024-10-26 19:27:08 INFO [com.example.yin.YinMusicApplication]: Starting YinMusicApplication using Java 11.0.4 on LAPTOP-21TCA5UF with PID 19208 (D:\86188\download\Yin_music-main\Yin_music-main\music-website-master\music-website-master\music-server\target\classes started by 86188 in D:\86188\download\Yin_music-main\Yin_music-main\music-website-master\music-website-master\music-server)
2024-10-26 19:27:08 INFO [com.example.yin.YinMusicApplication]: No active profile set, falling back to default profiles: default
2024-10-26 19:27:08 INFO [org.springframework.boot.devtools.env.DevToolsPropertyDefaultsPostProcessor]: Devtools property defaults active! Set 'spring.devtools.add-properties' to 'false' to disable
2024-10-26 19:27:08 INFO [org.springframework.boot.devtools.env.DevToolsPropertyDefaultsPostProcessor]: For additional web related logging consider setting the 'logging.level.web' property to 'DEBUG'
2024-10-26 19:27:09 INFO [org.springframework.boot.web.embedded.tomcat.TomcatWebServer]: Tomcat initialized with port(s): 8888 (http)
2024-10-26 19:27:09 INFO [org.springframework.boot.web.servlet.context.ServletWebServerApplicationContext]: Root WebApplicationContext: initialization completed in 834 ms
2024-10-26 19:27:09 INFO [org.springframework.boot.devtools.autoconfigure.OptionalLiveReloadServer]: LiveReload server is running on port 35729
2024-10-26 19:27:09 INFO [org.springframework.boot.web.embedded.tomcat.TomcatWebServer]: Tomcat started on port(s): 8888 (http) with context path ''
2024-10-26 19:27:09 INFO [com.example.yin.YinMusicApplication]: Started YinMusicApplication in 1.309 seconds (JVM running for 1.948)
2024-10-26 19:27:12 INFO [org.springframework.web.servlet.DispatcherServlet]: Initializing Servlet 'dispatcherServlet'
2024-10-26 19:27:12 INFO [org.springframework.web.servlet.DispatcherServlet]: Completed initialization in 0 ms
2024-10-26 19:27:12 INFO [com.zaxxer.hikari.HikariDataSource]: HikariPool-1 - Starting...
2024-10-26 19:27:12 INFO [com.zaxxer.hikari.HikariDataSource]: HikariPool-1 - Start completed.
2024-10-26 19:28:07 INFO [com.example.yin.YinMusicApplication]: Starting YinMusicApplication using Java 11.0.4 on LAPTOP-21TCA5UF with PID 19736 (D:\86188\download\Yin_music-main\Yin_music-main\music-website-master\music-website-master\music-server\target\classes started by 86188 in D:\86188\download\Yin_music-main\Yin_music-main\music-website-master\music-website-master\music-server)
2024-10-26 19:28:07 INFO [com.example.yin.YinMusicApplication]: No active profile set, falling back to default profiles: default
2024-10-26 19:28:07 INFO [org.springframework.boot.devtools.env.DevToolsPropertyDefaultsPostProcessor]: Devtools property defaults active! Set 'spring.devtools.add-properties' to 'false' to disable
2024-10-26 19:28:07 INFO [org.springframework.boot.devtools.env.DevToolsPropertyDefaultsPostProcessor]: For additional web related logging consider setting the 'logging.level.web' property to 'DEBUG'
2024-10-26 19:28:07 INFO [org.springframework.boot.web.embedded.tomcat.TomcatWebServer]: Tomcat initialized with port(s): 8888 (http)
2024-10-26 19:28:08 INFO [org.springframework.boot.web.servlet.context.ServletWebServerApplicationContext]: Root WebApplicationContext: initialization completed in 863 ms
2024-10-26 19:28:08 INFO [org.springframework.boot.devtools.autoconfigure.OptionalLiveReloadServer]: LiveReload server is running on port 35729
2024-10-26 19:28:08 INFO [org.springframework.boot.web.embedded.tomcat.TomcatWebServer]: Tomcat started on port(s): 8888 (http) with context path ''
2024-10-26 19:28:08 INFO [com.example.yin.YinMusicApplication]: Started YinMusicApplication in 1.325 seconds (JVM running for 1.949)
2024-10-26 19:28:15 INFO [org.springframework.web.servlet.DispatcherServlet]: Initializing Servlet 'dispatcherServlet'
2024-10-26 19:28:15 INFO [org.springframework.web.servlet.DispatcherServlet]: Completed initialization in 0 ms
2024-10-26 19:28:15 INFO [com.zaxxer.hikari.HikariDataSource]: HikariPool-1 - Starting...
2024-10-26 19:28:15 INFO [com.zaxxer.hikari.HikariDataSource]: HikariPool-1 - Start completed.
2024-10-26 19:29:42 INFO [com.example.yin.YinMusicApplication]: Starting YinMusicApplication using Java 11.0.4 on LAPTOP-21TCA5UF with PID 20620 (D:\86188\download\Yin_music-main\Yin_music-main\music-website-master\music-website-master\music-server\target\classes started by 86188 in D:\86188\download\Yin_music-main\Yin_music-main\music-website-master\music-website-master\music-server)
2024-10-26 19:29:42 INFO [com.example.yin.YinMusicApplication]: No active profile set, falling back to default profiles: default
2024-10-26 19:29:42 INFO [org.springframework.boot.devtools.env.DevToolsPropertyDefaultsPostProcessor]: Devtools property defaults active! Set 'spring.devtools.add-properties' to 'false' to disable
2024-10-26 19:29:42 INFO [org.springframework.boot.devtools.env.DevToolsPropertyDefaultsPostProcessor]: For additional web related logging consider setting the 'logging.level.web' property to 'DEBUG'
2024-10-26 19:29:43 INFO [org.springframework.boot.web.embedded.tomcat.TomcatWebServer]: Tomcat initialized with port(s): 8888 (http)
2024-10-26 19:29:43 INFO [org.springframework.boot.web.servlet.context.ServletWebServerApplicationContext]: Root WebApplicationContext: initialization completed in 802 ms
2024-10-26 19:29:43 INFO [org.springframework.boot.devtools.autoconfigure.OptionalLiveReloadServer]: LiveReload server is running on port 35729
2024-10-26 19:29:43 INFO [org.springframework.boot.web.embedded.tomcat.TomcatWebServer]: Tomcat started on port(s): 8888 (http) with context path ''
2024-10-26 19:29:43 INFO [com.example.yin.YinMusicApplication]: Started YinMusicApplication in 1.271 seconds (JVM running for 1.91)
2024-10-26 19:40:56 INFO [com.example.yin.YinMusicApplication]: Starting YinMusicApplication using Java 11.0.4 on LAPTOP-21TCA5UF with PID 15908 (D:\86188\download\Yin_music-main\Yin_music-main\music-website-master\music-website-master\music-server\target\classes started by 86188 in D:\86188\download\Yin_music-main\Yin_music-main\music-website-master\music-website-master\music-server)
2024-10-26 19:40:56 INFO [com.example.yin.YinMusicApplication]: No active profile set, falling back to default profiles: default
2024-10-26 19:40:56 INFO [org.springframework.boot.devtools.env.DevToolsPropertyDefaultsPostProcessor]: Devtools property defaults active! Set 'spring.devtools.add-properties' to 'false' to disable
2024-10-26 19:40:56 INFO [org.springframework.boot.devtools.env.DevToolsPropertyDefaultsPostProcessor]: For additional web related logging consider setting the 'logging.level.web' property to 'DEBUG'
2024-10-26 19:40:57 INFO [org.springframework.boot.web.embedded.tomcat.TomcatWebServer]: Tomcat initialized with port(s): 8888 (http)
2024-10-26 19:40:57 INFO [org.springframework.boot.web.servlet.context.ServletWebServerApplicationContext]: Root WebApplicationContext: initialization completed in 831 ms
2024-10-26 19:40:57 WARN [org.springframework.boot.web.servlet.context.AnnotationConfigServletWebServerApplicationContext]: Exception encountered during context initialization - cancelling refresh attempt: org.springframework.beans.factory.BeanCreationException: Error creating bean with name 'requestMappingHandlerMapping' defined in class path resource [org/springframework/web/servlet/config/annotation/DelegatingWebMvcConfiguration.class]: Invocation of init method failed; nested exception is java.lang.IllegalStateException: Ambiguous mapping. Cannot map 'userController' method 
com.example.yin.controller.UserController#loginStatus(HttpServletRequest, HttpSession)
to {POST [/user/login/status]}: There is already 'consumerController' bean method
com.example.yin.controller.ConsumerController#loginStatus(HttpServletRequest, HttpSession) mapped.
2024-10-26 19:40:57 INFO [org.springframework.boot.autoconfigure.logging.ConditionEvaluationReportLoggingListener]: 

Error starting ApplicationContext. To display the conditions report re-run your application with 'debug' enabled.
2024-10-26 19:40:57 ERROR [org.springframework.boot.SpringApplication]: Application run failed
org.springframework.beans.factory.BeanCreationException: Error creating bean with name 'requestMappingHandlerMapping' defined in class path resource [org/springframework/web/servlet/config/annotation/DelegatingWebMvcConfiguration.class]: Invocation of init method failed; nested exception is java.lang.IllegalStateException: Ambiguous mapping. Cannot map 'userController' method 
com.example.yin.controller.UserController#loginStatus(HttpServletRequest, HttpSession)
to {POST [/user/login/status]}: There is already 'consumerController' bean method
com.example.yin.controller.ConsumerController#loginStatus(HttpServletRequest, HttpSession) mapped.
	at org.springframework.beans.factory.support.AbstractAutowireCapableBeanFactory.initializeBean(AbstractAutowireCapableBeanFactory.java:1804)
	at org.springframework.beans.factory.support.AbstractAutowireCapableBeanFactory.doCreateBean(AbstractAutowireCapableBeanFactory.java:620)
	at org.springframework.beans.factory.support.AbstractAutowireCapableBeanFactory.createBean(AbstractAutowireCapableBeanFactory.java:542)
	at org.springframework.beans.factory.support.AbstractBeanFactory.lambda$doGetBean$0(AbstractBeanFactory.java:335)
	at org.springframework.beans.factory.support.DefaultSingletonBeanRegistry.getSingleton(DefaultSingletonBeanRegistry.java:234)
	at org.springframework.beans.factory.support.AbstractBeanFactory.doGetBean(AbstractBeanFactory.java:333)
	at org.springframework.beans.factory.support.AbstractBeanFactory.getBean(AbstractBeanFactory.java:208)
	at org.springframework.beans.factory.support.DefaultListableBeanFactory.preInstantiateSingletons(DefaultListableBeanFactory.java:953)
	at org.springframework.context.support.AbstractApplicationContext.finishBeanFactoryInitialization(AbstractApplicationContext.java:918)
	at org.springframework.context.support.AbstractApplicationContext.refresh(AbstractApplicationContext.java:583)
	at org.springframework.boot.web.servlet.context.ServletWebServerApplicationContext.refresh(ServletWebServerApplicationContext.java:145)
	at org.springframework.boot.SpringApplication.refresh(SpringApplication.java:730)
	at org.springframework.boot.SpringApplication.refreshContext(SpringApplication.java:412)
	at org.springframework.boot.SpringApplication.run(SpringApplication.java:302)
	at org.springframework.boot.SpringApplication.run(SpringApplication.java:1301)
	at org.springframework.boot.SpringApplication.run(SpringApplication.java:1290)
	at com.example.yin.YinMusicApplication.main(YinMusicApplication.java:12)
	at java.base/jdk.internal.reflect.NativeMethodAccessorImpl.invoke0(Native Method)
	at java.base/jdk.internal.reflect.NativeMethodAccessorImpl.invoke(NativeMethodAccessorImpl.java:62)
	at java.base/jdk.internal.reflect.DelegatingMethodAccessorImpl.invoke(DelegatingMethodAccessorImpl.java:43)
	at java.base/java.lang.reflect.Method.invoke(Method.java:566)
	at org.springframework.boot.devtools.restart.RestartLauncher.run(RestartLauncher.java:49)
Caused by: java.lang.IllegalStateException: Ambiguous mapping. Cannot map 'userController' method 
com.example.yin.controller.UserController#loginStatus(HttpServletRequest, HttpSession)
to {POST [/user/login/status]}: There is already 'consumerController' bean method
com.example.yin.controller.ConsumerController#loginStatus(HttpServletRequest, HttpSession) mapped.
	at org.springframework.web.servlet.handler.AbstractHandlerMethodMapping$MappingRegistry.validateMethodMapping(AbstractHandlerMethodMapping.java:669)
	at org.springframework.web.servlet.handler.AbstractHandlerMethodMapping$MappingRegistry.register(AbstractHandlerMethodMapping.java:635)
	at org.springframework.web.servlet.handler.AbstractHandlerMethodMapping.registerHandlerMethod(AbstractHandlerMethodMapping.java:332)
	at org.springframework.web.servlet.mvc.method.annotation.RequestMappingHandlerMapping.registerHandlerMethod(RequestMappingHandlerMapping.java:420)
	at org.springframework.web.servlet.mvc.method.annotation.RequestMappingHandlerMapping.registerHandlerMethod(RequestMappingHandlerMapping.java:76)
	at org.springframework.web.servlet.handler.AbstractHandlerMethodMapping.lambda$detectHandlerMethods$2(AbstractHandlerMethodMapping.java:299)
	at java.base/java.util.LinkedHashMap.forEach(LinkedHashMap.java:684)
	at org.springframework.web.servlet.handler.AbstractHandlerMethodMapping.detectHandlerMethods(AbstractHandlerMethodMapping.java:297)
	at org.springframework.web.servlet.handler.AbstractHandlerMethodMapping.processCandidateBean(AbstractHandlerMethodMapping.java:266)
	at org.springframework.web.servlet.handler.AbstractHandlerMethodMapping.initHandlerMethods(AbstractHandlerMethodMapping.java:225)
	at org.springframework.web.servlet.handler.AbstractHandlerMethodMapping.afterPropertiesSet(AbstractHandlerMethodMapping.java:213)
	at org.springframework.web.servlet.mvc.method.annotation.RequestMappingHandlerMapping.afterPropertiesSet(RequestMappingHandlerMapping.java:205)
	at org.springframework.beans.factory.support.AbstractAutowireCapableBeanFactory.invokeInitMethods(AbstractAutowireCapableBeanFactory.java:1863)
	at org.springframework.beans.factory.support.AbstractAutowireCapableBeanFactory.initializeBean(AbstractAutowireCapableBeanFactory.java:1800)
	... 21 more
2024-10-26 19:42:26 INFO [com.example.yin.YinMusicApplication]: Starting YinMusicApplication using Java 11.0.4 on LAPTOP-21TCA5UF with PID 14192 (D:\86188\download\Yin_music-main\Yin_music-main\music-website-master\music-website-master\music-server\target\classes started by 86188 in D:\86188\download\Yin_music-main\Yin_music-main\music-website-master\music-website-master\music-server)
2024-10-26 19:42:26 INFO [com.example.yin.YinMusicApplication]: No active profile set, falling back to default profiles: default
2024-10-26 19:42:26 INFO [org.springframework.boot.devtools.env.DevToolsPropertyDefaultsPostProcessor]: Devtools property defaults active! Set 'spring.devtools.add-properties' to 'false' to disable
2024-10-26 19:42:26 INFO [org.springframework.boot.devtools.env.DevToolsPropertyDefaultsPostProcessor]: For additional web related logging consider setting the 'logging.level.web' property to 'DEBUG'
2024-10-26 19:42:27 INFO [org.springframework.boot.web.embedded.tomcat.TomcatWebServer]: Tomcat initialized with port(s): 8888 (http)
2024-10-26 19:42:27 INFO [org.springframework.boot.web.servlet.context.ServletWebServerApplicationContext]: Root WebApplicationContext: initialization completed in 1074 ms
2024-10-26 19:42:27 INFO [org.springframework.boot.devtools.autoconfigure.OptionalLiveReloadServer]: LiveReload server is running on port 35729
2024-10-26 19:42:27 INFO [org.springframework.boot.web.embedded.tomcat.TomcatWebServer]: Tomcat started on port(s): 8888 (http) with context path ''
2024-10-26 19:42:27 INFO [com.example.yin.YinMusicApplication]: Started YinMusicApplication in 1.578 seconds (JVM running for 2.222)
2024-10-26 20:10:11 INFO [com.example.yin.YinMusicApplication]: Starting YinMusicApplication using Java 11.0.4 on LAPTOP-21TCA5UF with PID 20816 (D:\86188\download\Yin_music-main\Yin_music-main\music-website-master\music-website-master\music-server\target\classes started by 86188 in D:\86188\download\Yin_music-main\Yin_music-main\music-website-master\music-website-master\music-server)
2024-10-26 20:10:11 INFO [com.example.yin.YinMusicApplication]: No active profile set, falling back to default profiles: default
2024-10-26 20:10:11 INFO [org.springframework.boot.devtools.env.DevToolsPropertyDefaultsPostProcessor]: Devtools property defaults active! Set 'spring.devtools.add-properties' to 'false' to disable
2024-10-26 20:10:11 INFO [org.springframework.boot.devtools.env.DevToolsPropertyDefaultsPostProcessor]: For additional web related logging consider setting the 'logging.level.web' property to 'DEBUG'
2024-10-26 20:10:12 INFO [org.springframework.boot.web.embedded.tomcat.TomcatWebServer]: Tomcat initialized with port(s): 8888 (http)
2024-10-26 20:10:12 INFO [org.springframework.boot.web.servlet.context.ServletWebServerApplicationContext]: Root WebApplicationContext: initialization completed in 994 ms
2024-10-26 20:10:13 INFO [org.springframework.boot.devtools.autoconfigure.OptionalLiveReloadServer]: LiveReload server is running on port 35729
2024-10-26 20:10:13 WARN [org.springframework.boot.web.servlet.context.AnnotationConfigServletWebServerApplicationContext]: Exception encountered during context initialization - cancelling refresh attempt: org.springframework.context.ApplicationContextException: Failed to start bean 'webServerStartStop'; nested exception is org.springframework.boot.web.server.PortInUseException: Port 8888 is already in use
2024-10-26 20:10:13 INFO [org.springframework.boot.autoconfigure.logging.ConditionEvaluationReportLoggingListener]: 

Error starting ApplicationContext. To display the conditions report re-run your application with 'debug' enabled.
2024-10-26 20:10:13 ERROR [org.springframework.boot.diagnostics.LoggingFailureAnalysisReporter]: 

***************************
APPLICATION FAILED TO START
***************************

Description:

Web server failed to start. Port 8888 was already in use.

Action:

Identify and stop the process that's listening on port 8888 or configure this application to listen on another port.

2024-10-26 20:10:29 INFO [com.example.yin.YinMusicApplication]: Starting YinMusicApplication using Java 11.0.4 on LAPTOP-21TCA5UF with PID 21312 (D:\86188\download\Yin_music-main\Yin_music-main\music-website-master\music-website-master\music-server\target\classes started by 86188 in D:\86188\download\Yin_music-main\Yin_music-main\music-website-master\music-website-master\music-server)
2024-10-26 20:10:29 INFO [com.example.yin.YinMusicApplication]: No active profile set, falling back to default profiles: default
2024-10-26 20:10:30 INFO [org.springframework.boot.devtools.env.DevToolsPropertyDefaultsPostProcessor]: Devtools property defaults active! Set 'spring.devtools.add-properties' to 'false' to disable
2024-10-26 20:10:30 INFO [org.springframework.boot.devtools.env.DevToolsPropertyDefaultsPostProcessor]: For additional web related logging consider setting the 'logging.level.web' property to 'DEBUG'
2024-10-26 20:10:30 INFO [org.springframework.boot.web.embedded.tomcat.TomcatWebServer]: Tomcat initialized with port(s): 8888 (http)
2024-10-26 20:10:30 INFO [org.springframework.boot.web.servlet.context.ServletWebServerApplicationContext]: Root WebApplicationContext: initialization completed in 877 ms
2024-10-26 20:10:31 INFO [org.springframework.boot.devtools.autoconfigure.OptionalLiveReloadServer]: LiveReload server is running on port 35729
2024-10-26 20:10:31 INFO [org.springframework.boot.web.embedded.tomcat.TomcatWebServer]: Tomcat started on port(s): 8888 (http) with context path ''
2024-10-26 20:10:31 INFO [com.example.yin.YinMusicApplication]: Started YinMusicApplication in 1.353 seconds (JVM running for 1.971)
2024-10-26 20:14:19 INFO [com.example.yin.YinMusicApplication]: Starting YinMusicApplication using Java 11.0.4 on LAPTOP-21TCA5UF with PID 17324 (D:\86188\download\Yin_music-main\Yin_music-main\music-website-master\music-website-master\music-server\target\classes started by 86188 in D:\86188\download\Yin_music-main\Yin_music-main\music-website-master\music-website-master\music-server)
2024-10-26 20:14:19 INFO [com.example.yin.YinMusicApplication]: No active profile set, falling back to default profiles: default
2024-10-26 20:14:19 INFO [org.springframework.boot.devtools.env.DevToolsPropertyDefaultsPostProcessor]: Devtools property defaults active! Set 'spring.devtools.add-properties' to 'false' to disable
2024-10-26 20:14:19 INFO [org.springframework.boot.devtools.env.DevToolsPropertyDefaultsPostProcessor]: For additional web related logging consider setting the 'logging.level.web' property to 'DEBUG'
2024-10-26 20:14:21 INFO [org.springframework.boot.web.embedded.tomcat.TomcatWebServer]: Tomcat initialized with port(s): 8888 (http)
2024-10-26 20:14:21 INFO [org.springframework.boot.web.servlet.context.ServletWebServerApplicationContext]: Root WebApplicationContext: initialization completed in 1411 ms
2024-10-26 20:14:21 INFO [org.springframework.boot.devtools.autoconfigure.OptionalLiveReloadServer]: LiveReload server is running on port 35729
2024-10-26 20:14:21 INFO [org.springframework.boot.web.embedded.tomcat.TomcatWebServer]: Tomcat started on port(s): 8888 (http) with context path ''
2024-10-26 20:14:21 INFO [com.example.yin.YinMusicApplication]: Started YinMusicApplication in 2.205 seconds (JVM running for 2.843)
2024-10-26 20:14:27 INFO [org.springframework.web.servlet.DispatcherServlet]: Initializing Servlet 'dispatcherServlet'
2024-10-26 20:14:27 INFO [org.springframework.web.servlet.DispatcherServlet]: Completed initialization in 1 ms
2024-10-26 20:14:27 INFO [com.zaxxer.hikari.HikariDataSource]: HikariPool-1 - Starting...
2024-10-26 20:14:27 INFO [com.zaxxer.hikari.HikariDataSource]: HikariPool-1 - Start completed.
2024-10-26 20:14:31 WARN [org.springframework.web.servlet.PageNotFound]: No mapping for GET /rankList/user
2024-10-26 20:14:31 WARN [org.springframework.web.servlet.PageNotFound]: No mapping for GET /rankList
2024-10-26 20:22:28 WARN [org.springframework.web.servlet.PageNotFound]: No mapping for GET /rankList/user
2024-10-26 20:22:28 WARN [org.springframework.web.servlet.PageNotFound]: No mapping for GET /rankList
2024-10-26 20:27:27 WARN [org.springframework.web.servlet.PageNotFound]: No mapping for GET /
2024-10-26 20:27:27 WARN [org.springframework.web.servlet.PageNotFound]: No mapping for GET /
2024-10-26 20:27:28 WARN [org.springframework.web.servlet.PageNotFound]: No mapping for GET /hybridaction/zybTrackerStatisticsAction
2024-10-26 20:27:28 WARN [org.springframework.web.servlet.PageNotFound]: No mapping for GET /hybridaction/zybTrackerStatisticsAction
2024-10-26 20:27:28 WARN [org.springframework.web.servlet.PageNotFound]: No mapping for GET /favicon.ico
2024-10-26 20:57:02 INFO [com.example.yin.YinMusicApplication]: Starting YinMusicApplication using Java 11.0.4 on LAPTOP-21TCA5UF with PID 22108 (D:\86188\download\Yin_music-main\Yin_music-main\music-website-master\music-website-master\music-server\target\classes started by 86188 in D:\86188\download\Yin_music-main\Yin_music-main\music-website-master\music-website-master\music-server)
2024-10-26 20:57:02 INFO [com.example.yin.YinMusicApplication]: No active profile set, falling back to default profiles: default
2024-10-26 20:57:02 INFO [org.springframework.boot.devtools.env.DevToolsPropertyDefaultsPostProcessor]: Devtools property defaults active! Set 'spring.devtools.add-properties' to 'false' to disable
2024-10-26 20:57:02 INFO [org.springframework.boot.devtools.env.DevToolsPropertyDefaultsPostProcessor]: For additional web related logging consider setting the 'logging.level.web' property to 'DEBUG'
2024-10-26 20:57:03 INFO [org.springframework.boot.web.embedded.tomcat.TomcatWebServer]: Tomcat initialized with port(s): 8081 (http)
2024-10-26 20:57:03 INFO [org.springframework.boot.web.servlet.context.ServletWebServerApplicationContext]: Root WebApplicationContext: initialization completed in 833 ms
2024-10-26 20:57:03 INFO [org.springframework.boot.devtools.autoconfigure.OptionalLiveReloadServer]: LiveReload server is running on port 35729
2024-10-26 20:57:03 INFO [org.springframework.boot.web.embedded.tomcat.TomcatWebServer]: Tomcat started on port(s): 8081 (http) with context path ''
2024-10-26 20:57:03 INFO [com.example.yin.YinMusicApplication]: Started YinMusicApplication in 1.331 seconds (JVM running for 2.008)
2024-10-26 21:37:57 INFO [com.example.yin.YinMusicApplication]: Starting YinMusicApplication using Java 11.0.4 on LAPTOP-21TCA5UF with PID 7564 (D:\86188\download\Yin_music-main\Yin_music-main\music-website-master\music-website-master\music-server\target\classes started by 86188 in D:\86188\download\Yin_music-main\Yin_music-main\music-website-master\music-website-master\music-server)
2024-10-26 21:37:57 INFO [com.example.yin.YinMusicApplication]: No active profile set, falling back to default profiles: default
2024-10-26 21:37:57 INFO [org.springframework.boot.devtools.env.DevToolsPropertyDefaultsPostProcessor]: Devtools property defaults active! Set 'spring.devtools.add-properties' to 'false' to disable
2024-10-26 21:37:57 INFO [org.springframework.boot.devtools.env.DevToolsPropertyDefaultsPostProcessor]: For additional web related logging consider setting the 'logging.level.web' property to 'DEBUG'
2024-10-26 21:37:58 INFO [org.springframework.boot.web.embedded.tomcat.TomcatWebServer]: Tomcat initialized with port(s): 8081 (http)
2024-10-26 21:37:58 INFO [org.springframework.boot.web.servlet.context.ServletWebServerApplicationContext]: Root WebApplicationContext: initialization completed in 835 ms
2024-10-26 21:37:58 INFO [org.springframework.boot.devtools.autoconfigure.OptionalLiveReloadServer]: LiveReload server is running on port 35729
2024-10-26 21:37:58 INFO [org.springframework.boot.web.embedded.tomcat.TomcatWebServer]: Tomcat started on port(s): 8081 (http) with context path ''
2024-10-26 21:37:58 INFO [com.example.yin.YinMusicApplication]: Started YinMusicApplication in 1.333 seconds (JVM running for 2.01)
2024-10-26 21:40:19 INFO [org.springframework.boot.devtools.env.DevToolsPropertyDefaultsPostProcessor]: Devtools property defaults active! Set 'spring.devtools.add-properties' to 'false' to disable
2024-10-26 21:40:19 INFO [org.springframework.boot.devtools.env.DevToolsPropertyDefaultsPostProcessor]: For additional web related logging consider setting the 'logging.level.web' property to 'DEBUG'
2024-10-26 21:40:19 INFO [com.example.yin.YinMusicApplication]: Starting YinMusicApplication using Java 11.0.4 on LAPTOP-21TCA5UF with PID 7564 (D:\86188\download\Yin_music-main\Yin_music-main\music-website-master\music-website-master\music-server\target\classes started by 86188 in D:\86188\download\Yin_music-main\Yin_music-main\music-website-master\music-website-master\music-server)
2024-10-26 21:40:19 INFO [com.example.yin.YinMusicApplication]: No active profile set, falling back to default profiles: default
2024-10-26 21:40:19 INFO [org.springframework.boot.web.embedded.tomcat.TomcatWebServer]: Tomcat initialized with port(s): 8081 (http)
2024-10-26 21:40:19 INFO [org.springframework.boot.web.servlet.context.ServletWebServerApplicationContext]: Root WebApplicationContext: initialization completed in 230 ms
2024-10-26 21:40:19 INFO [org.springframework.boot.devtools.autoconfigure.OptionalLiveReloadServer]: LiveReload server is running on port 35729
2024-10-26 21:40:19 INFO [org.springframework.boot.web.embedded.tomcat.TomcatWebServer]: Tomcat started on port(s): 8081 (http) with context path ''
2024-10-26 21:40:19 INFO [com.example.yin.YinMusicApplication]: Started YinMusicApplication in 0.309 seconds (JVM running for 143.09)
2024-10-26 21:40:19 INFO [org.springframework.boot.devtools.autoconfigure.ConditionEvaluationDeltaLoggingListener]: Condition evaluation unchanged
2024-10-26 21:40:22 INFO [org.springframework.boot.devtools.env.DevToolsPropertyDefaultsPostProcessor]: Devtools property defaults active! Set 'spring.devtools.add-properties' to 'false' to disable
2024-10-26 21:40:22 INFO [org.springframework.boot.devtools.env.DevToolsPropertyDefaultsPostProcessor]: For additional web related logging consider setting the 'logging.level.web' property to 'DEBUG'
2024-10-26 21:40:22 INFO [com.example.yin.YinMusicApplication]: Starting YinMusicApplication using Java 11.0.4 on LAPTOP-21TCA5UF with PID 7564 (D:\86188\download\Yin_music-main\Yin_music-main\music-website-master\music-website-master\music-server\target\classes started by 86188 in D:\86188\download\Yin_music-main\Yin_music-main\music-website-master\music-website-master\music-server)
2024-10-26 21:40:22 INFO [com.example.yin.YinMusicApplication]: No active profile set, falling back to default profiles: default
2024-10-26 21:40:22 INFO [org.springframework.boot.web.embedded.tomcat.TomcatWebServer]: Tomcat initialized with port(s): 8081 (http)
2024-10-26 21:40:22 INFO [org.springframework.boot.web.servlet.context.ServletWebServerApplicationContext]: Root WebApplicationContext: initialization completed in 189 ms
2024-10-26 21:40:22 INFO [org.springframework.boot.devtools.autoconfigure.OptionalLiveReloadServer]: LiveReload server is running on port 35729
2024-10-26 21:40:22 INFO [org.springframework.boot.web.embedded.tomcat.TomcatWebServer]: Tomcat started on port(s): 8081 (http) with context path ''
2024-10-26 21:40:22 INFO [com.example.yin.YinMusicApplication]: Started YinMusicApplication in 0.267 seconds (JVM running for 146.012)
2024-10-26 21:40:22 INFO [org.springframework.boot.devtools.autoconfigure.ConditionEvaluationDeltaLoggingListener]: Condition evaluation unchanged
2024-10-26 21:40:26 INFO [org.springframework.boot.devtools.env.DevToolsPropertyDefaultsPostProcessor]: Devtools property defaults active! Set 'spring.devtools.add-properties' to 'false' to disable
2024-10-26 21:40:26 INFO [org.springframework.boot.devtools.env.DevToolsPropertyDefaultsPostProcessor]: For additional web related logging consider setting the 'logging.level.web' property to 'DEBUG'
2024-10-26 21:40:26 INFO [com.example.yin.YinMusicApplication]: Starting YinMusicApplication using Java 11.0.4 on LAPTOP-21TCA5UF with PID 7564 (D:\86188\download\Yin_music-main\Yin_music-main\music-website-master\music-website-master\music-server\target\classes started by 86188 in D:\86188\download\Yin_music-main\Yin_music-main\music-website-master\music-website-master\music-server)
2024-10-26 21:40:26 INFO [com.example.yin.YinMusicApplication]: No active profile set, falling back to default profiles: default
2024-10-26 21:40:26 INFO [org.springframework.boot.web.embedded.tomcat.TomcatWebServer]: Tomcat initialized with port(s): 8081 (http)
2024-10-26 21:40:26 INFO [org.springframework.boot.web.servlet.context.ServletWebServerApplicationContext]: Root WebApplicationContext: initialization completed in 191 ms
2024-10-26 21:40:26 INFO [org.springframework.boot.devtools.autoconfigure.OptionalLiveReloadServer]: LiveReload server is running on port 35729
2024-10-26 21:40:26 INFO [org.springframework.boot.web.embedded.tomcat.TomcatWebServer]: Tomcat started on port(s): 8081 (http) with context path ''
2024-10-26 21:40:26 INFO [com.example.yin.YinMusicApplication]: Started YinMusicApplication in 0.265 seconds (JVM running for 149.958)
2024-10-26 21:40:26 INFO [org.springframework.boot.devtools.autoconfigure.ConditionEvaluationDeltaLoggingListener]: Condition evaluation unchanged
2024-10-26 21:40:29 INFO [org.springframework.boot.devtools.env.DevToolsPropertyDefaultsPostProcessor]: Devtools property defaults active! Set 'spring.devtools.add-properties' to 'false' to disable
2024-10-26 21:40:29 INFO [org.springframework.boot.devtools.env.DevToolsPropertyDefaultsPostProcessor]: For additional web related logging consider setting the 'logging.level.web' property to 'DEBUG'
2024-10-26 21:40:29 INFO [com.example.yin.YinMusicApplication]: Starting YinMusicApplication using Java 11.0.4 on LAPTOP-21TCA5UF with PID 7564 (D:\86188\download\Yin_music-main\Yin_music-main\music-website-master\music-website-master\music-server\target\classes started by 86188 in D:\86188\download\Yin_music-main\Yin_music-main\music-website-master\music-website-master\music-server)
2024-10-26 21:40:29 INFO [com.example.yin.YinMusicApplication]: No active profile set, falling back to default profiles: default
2024-10-26 21:40:29 INFO [org.springframework.boot.web.embedded.tomcat.TomcatWebServer]: Tomcat initialized with port(s): 8081 (http)
2024-10-26 21:40:29 INFO [org.springframework.boot.web.servlet.context.ServletWebServerApplicationContext]: Root WebApplicationContext: initialization completed in 168 ms
2024-10-26 21:40:29 INFO [org.springframework.boot.devtools.autoconfigure.OptionalLiveReloadServer]: LiveReload server is running on port 35729
2024-10-26 21:40:29 INFO [org.springframework.boot.web.embedded.tomcat.TomcatWebServer]: Tomcat started on port(s): 8081 (http) with context path ''
2024-10-26 21:40:29 INFO [com.example.yin.YinMusicApplication]: Started YinMusicApplication in 0.238 seconds (JVM running for 152.858)
2024-10-26 21:40:29 INFO [org.springframework.boot.devtools.autoconfigure.ConditionEvaluationDeltaLoggingListener]: Condition evaluation unchanged
2024-10-26 21:40:32 INFO [org.springframework.boot.devtools.env.DevToolsPropertyDefaultsPostProcessor]: Devtools property defaults active! Set 'spring.devtools.add-properties' to 'false' to disable
2024-10-26 21:40:32 INFO [org.springframework.boot.devtools.env.DevToolsPropertyDefaultsPostProcessor]: For additional web related logging consider setting the 'logging.level.web' property to 'DEBUG'
2024-10-26 21:40:32 INFO [com.example.yin.YinMusicApplication]: Starting YinMusicApplication using Java 11.0.4 on LAPTOP-21TCA5UF with PID 7564 (D:\86188\download\Yin_music-main\Yin_music-main\music-website-master\music-website-master\music-server\target\classes started by 86188 in D:\86188\download\Yin_music-main\Yin_music-main\music-website-master\music-website-master\music-server)
2024-10-26 21:40:32 INFO [com.example.yin.YinMusicApplication]: No active profile set, falling back to default profiles: default
2024-10-26 21:40:33 INFO [org.springframework.boot.web.embedded.tomcat.TomcatWebServer]: Tomcat initialized with port(s): 8081 (http)
2024-10-26 21:40:33 INFO [org.springframework.boot.web.servlet.context.ServletWebServerApplicationContext]: Root WebApplicationContext: initialization completed in 193 ms
2024-10-26 21:40:33 INFO [org.springframework.boot.devtools.autoconfigure.OptionalLiveReloadServer]: LiveReload server is running on port 35729
2024-10-26 21:40:33 INFO [org.springframework.boot.web.embedded.tomcat.TomcatWebServer]: Tomcat started on port(s): 8081 (http) with context path ''
2024-10-26 21:40:33 INFO [com.example.yin.YinMusicApplication]: Started YinMusicApplication in 0.272 seconds (JVM running for 156.819)
2024-10-26 21:40:33 INFO [org.springframework.boot.devtools.autoconfigure.ConditionEvaluationDeltaLoggingListener]: Condition evaluation unchanged
2024-10-26 21:40:34 INFO [org.springframework.boot.devtools.env.DevToolsPropertyDefaultsPostProcessor]: Devtools property defaults active! Set 'spring.devtools.add-properties' to 'false' to disable
2024-10-26 21:40:34 INFO [org.springframework.boot.devtools.env.DevToolsPropertyDefaultsPostProcessor]: For additional web related logging consider setting the 'logging.level.web' property to 'DEBUG'
2024-10-26 21:40:34 INFO [com.example.yin.YinMusicApplication]: Starting YinMusicApplication using Java 11.0.4 on LAPTOP-21TCA5UF with PID 7564 (D:\86188\download\Yin_music-main\Yin_music-main\music-website-master\music-website-master\music-server\target\classes started by 86188 in D:\86188\download\Yin_music-main\Yin_music-main\music-website-master\music-website-master\music-server)
2024-10-26 21:40:34 INFO [com.example.yin.YinMusicApplication]: No active profile set, falling back to default profiles: default
2024-10-26 21:40:35 INFO [org.springframework.boot.web.embedded.tomcat.TomcatWebServer]: Tomcat initialized with port(s): 8081 (http)
2024-10-26 21:40:35 INFO [org.springframework.boot.web.servlet.context.ServletWebServerApplicationContext]: Root WebApplicationContext: initialization completed in 156 ms
2024-10-26 21:40:35 INFO [org.springframework.boot.devtools.autoconfigure.OptionalLiveReloadServer]: LiveReload server is running on port 35729
2024-10-26 21:40:35 INFO [org.springframework.boot.web.embedded.tomcat.TomcatWebServer]: Tomcat started on port(s): 8081 (http) with context path ''
2024-10-26 21:40:35 INFO [com.example.yin.YinMusicApplication]: Started YinMusicApplication in 0.222 seconds (JVM running for 158.689)
2024-10-26 21:40:35 INFO [org.springframework.boot.devtools.autoconfigure.ConditionEvaluationDeltaLoggingListener]: Condition evaluation unchanged
2024-10-26 21:40:38 INFO [org.springframework.boot.devtools.env.DevToolsPropertyDefaultsPostProcessor]: Devtools property defaults active! Set 'spring.devtools.add-properties' to 'false' to disable
2024-10-26 21:40:38 INFO [org.springframework.boot.devtools.env.DevToolsPropertyDefaultsPostProcessor]: For additional web related logging consider setting the 'logging.level.web' property to 'DEBUG'
2024-10-26 21:40:38 INFO [com.example.yin.YinMusicApplication]: Starting YinMusicApplication using Java 11.0.4 on LAPTOP-21TCA5UF with PID 7564 (D:\86188\download\Yin_music-main\Yin_music-main\music-website-master\music-website-master\music-server\target\classes started by 86188 in D:\86188\download\Yin_music-main\Yin_music-main\music-website-master\music-website-master\music-server)
2024-10-26 21:40:38 INFO [com.example.yin.YinMusicApplication]: No active profile set, falling back to default profiles: default
2024-10-26 21:40:38 INFO [org.springframework.boot.web.embedded.tomcat.TomcatWebServer]: Tomcat initialized with port(s): 8081 (http)
2024-10-26 21:40:38 INFO [org.springframework.boot.web.servlet.context.ServletWebServerApplicationContext]: Root WebApplicationContext: initialization completed in 207 ms
2024-10-26 21:40:39 INFO [org.springframework.boot.devtools.autoconfigure.OptionalLiveReloadServer]: LiveReload server is running on port 35729
2024-10-26 21:40:39 INFO [org.springframework.boot.web.embedded.tomcat.TomcatWebServer]: Tomcat started on port(s): 8081 (http) with context path ''
2024-10-26 21:40:39 INFO [com.example.yin.YinMusicApplication]: Started YinMusicApplication in 0.287 seconds (JVM running for 162.671)
2024-10-26 21:40:39 INFO [org.springframework.boot.devtools.autoconfigure.ConditionEvaluationDeltaLoggingListener]: Condition evaluation unchanged
2024-10-26 21:40:40 INFO [org.springframework.boot.devtools.env.DevToolsPropertyDefaultsPostProcessor]: Devtools property defaults active! Set 'spring.devtools.add-properties' to 'false' to disable
2024-10-26 21:40:40 INFO [org.springframework.boot.devtools.env.DevToolsPropertyDefaultsPostProcessor]: For additional web related logging consider setting the 'logging.level.web' property to 'DEBUG'
2024-10-26 21:40:40 INFO [com.example.yin.YinMusicApplication]: Starting YinMusicApplication using Java 11.0.4 on LAPTOP-21TCA5UF with PID 7564 (D:\86188\download\Yin_music-main\Yin_music-main\music-website-master\music-website-master\music-server\target\classes started by 86188 in D:\86188\download\Yin_music-main\Yin_music-main\music-website-master\music-website-master\music-server)
2024-10-26 21:40:40 INFO [com.example.yin.YinMusicApplication]: No active profile set, falling back to default profiles: default
2024-10-26 21:40:40 INFO [org.springframework.boot.web.embedded.tomcat.TomcatWebServer]: Tomcat initialized with port(s): 8081 (http)
2024-10-26 21:40:40 INFO [org.springframework.boot.web.servlet.context.ServletWebServerApplicationContext]: Root WebApplicationContext: initialization completed in 166 ms
2024-10-26 21:40:40 INFO [org.springframework.boot.devtools.autoconfigure.OptionalLiveReloadServer]: LiveReload server is running on port 35729
2024-10-26 21:40:40 INFO [org.springframework.boot.web.embedded.tomcat.TomcatWebServer]: Tomcat started on port(s): 8081 (http) with context path ''
2024-10-26 21:40:40 INFO [com.example.yin.YinMusicApplication]: Started YinMusicApplication in 0.234 seconds (JVM running for 164.543)
2024-10-26 21:40:40 INFO [org.springframework.boot.devtools.autoconfigure.ConditionEvaluationDeltaLoggingListener]: Condition evaluation unchanged
2024-10-26 21:40:42 INFO [org.springframework.boot.devtools.env.DevToolsPropertyDefaultsPostProcessor]: Devtools property defaults active! Set 'spring.devtools.add-properties' to 'false' to disable
2024-10-26 21:40:42 INFO [org.springframework.boot.devtools.env.DevToolsPropertyDefaultsPostProcessor]: For additional web related logging consider setting the 'logging.level.web' property to 'DEBUG'
2024-10-26 21:40:42 INFO [com.example.yin.YinMusicApplication]: Starting YinMusicApplication using Java 11.0.4 on LAPTOP-21TCA5UF with PID 7564 (D:\86188\download\Yin_music-main\Yin_music-main\music-website-master\music-website-master\music-server\target\classes started by 86188 in D:\86188\download\Yin_music-main\Yin_music-main\music-website-master\music-website-master\music-server)
2024-10-26 21:40:42 INFO [com.example.yin.YinMusicApplication]: No active profile set, falling back to default profiles: default
2024-10-26 21:40:42 INFO [org.springframework.boot.web.embedded.tomcat.TomcatWebServer]: Tomcat initialized with port(s): 8081 (http)
2024-10-26 21:40:42 INFO [org.springframework.boot.web.servlet.context.ServletWebServerApplicationContext]: Root WebApplicationContext: initialization completed in 158 ms
2024-10-26 21:40:42 INFO [org.springframework.boot.devtools.autoconfigure.OptionalLiveReloadServer]: LiveReload server is running on port 35729
2024-10-26 21:40:42 INFO [org.springframework.boot.web.embedded.tomcat.TomcatWebServer]: Tomcat started on port(s): 8081 (http) with context path ''
2024-10-26 21:40:42 INFO [com.example.yin.YinMusicApplication]: Started YinMusicApplication in 0.232 seconds (JVM running for 166.419)
2024-10-26 21:40:42 INFO [org.springframework.boot.devtools.autoconfigure.ConditionEvaluationDeltaLoggingListener]: Condition evaluation unchanged
2024-10-26 21:40:44 INFO [org.springframework.boot.devtools.env.DevToolsPropertyDefaultsPostProcessor]: Devtools property defaults active! Set 'spring.devtools.add-properties' to 'false' to disable
2024-10-26 21:40:44 INFO [org.springframework.boot.devtools.env.DevToolsPropertyDefaultsPostProcessor]: For additional web related logging consider setting the 'logging.level.web' property to 'DEBUG'
2024-10-26 21:40:44 INFO [com.example.yin.YinMusicApplication]: Starting YinMusicApplication using Java 11.0.4 on LAPTOP-21TCA5UF with PID 7564 (D:\86188\download\Yin_music-main\Yin_music-main\music-website-master\music-website-master\music-server\target\classes started by 86188 in D:\86188\download\Yin_music-main\Yin_music-main\music-website-master\music-website-master\music-server)
2024-10-26 21:40:44 INFO [com.example.yin.YinMusicApplication]: No active profile set, falling back to default profiles: default
2024-10-26 21:40:44 INFO [org.springframework.boot.web.embedded.tomcat.TomcatWebServer]: Tomcat initialized with port(s): 8081 (http)
2024-10-26 21:40:44 INFO [org.springframework.boot.web.servlet.context.ServletWebServerApplicationContext]: Root WebApplicationContext: initialization completed in 150 ms
2024-10-26 21:40:44 INFO [org.springframework.boot.devtools.autoconfigure.OptionalLiveReloadServer]: LiveReload server is running on port 35729
2024-10-26 21:40:44 INFO [org.springframework.boot.web.embedded.tomcat.TomcatWebServer]: Tomcat started on port(s): 8081 (http) with context path ''
2024-10-26 21:40:44 INFO [com.example.yin.YinMusicApplication]: Started YinMusicApplication in 0.212 seconds (JVM running for 168.258)
2024-10-26 21:40:44 INFO [org.springframework.boot.devtools.autoconfigure.ConditionEvaluationDeltaLoggingListener]: Condition evaluation unchanged
2024-10-26 21:43:08 INFO [org.springframework.boot.devtools.env.DevToolsPropertyDefaultsPostProcessor]: Devtools property defaults active! Set 'spring.devtools.add-properties' to 'false' to disable
2024-10-26 21:43:08 INFO [org.springframework.boot.devtools.env.DevToolsPropertyDefaultsPostProcessor]: For additional web related logging consider setting the 'logging.level.web' property to 'DEBUG'
2024-10-26 21:43:08 INFO [com.example.yin.YinMusicApplication]: Starting YinMusicApplication using Java 11.0.4 on LAPTOP-21TCA5UF with PID 7564 (D:\86188\download\Yin_music-main\Yin_music-main\music-website-master\music-website-master\music-server\target\classes started by 86188 in D:\86188\download\Yin_music-main\Yin_music-main\music-website-master\music-website-master\music-server)
2024-10-26 21:43:08 INFO [com.example.yin.YinMusicApplication]: No active profile set, falling back to default profiles: default
2024-10-26 21:43:08 INFO [org.springframework.boot.web.embedded.tomcat.TomcatWebServer]: Tomcat initialized with port(s): 8081 (http)
2024-10-26 21:43:08 INFO [org.springframework.boot.web.servlet.context.ServletWebServerApplicationContext]: Root WebApplicationContext: initialization completed in 153 ms
2024-10-26 21:43:08 INFO [org.springframework.boot.devtools.autoconfigure.OptionalLiveReloadServer]: LiveReload server is running on port 35729
2024-10-26 21:43:08 INFO [org.springframework.boot.web.embedded.tomcat.TomcatWebServer]: Tomcat started on port(s): 8081 (http) with context path ''
2024-10-26 21:43:08 INFO [com.example.yin.YinMusicApplication]: Started YinMusicApplication in 0.217 seconds (JVM running for 312.102)
2024-10-26 21:43:08 INFO [org.springframework.boot.devtools.autoconfigure.ConditionEvaluationDeltaLoggingListener]: Condition evaluation unchanged
